<?xml version="1.0" encoding="UTF-8"?>
<!-- Generated by org.testng.reporters.JUnitReportReporter -->
<testsuite hostname="Hannahs-MBP" failures="0" tests="2" name="jUnitTestingPackage.AnnotationTesting" time="0.022" errors="0" timestamp="2023-04-04T21:04:38 EDT" skipped="0">
  <testcase classname="jUnitTestingPackage.AnnotationTesting" name="tes2" time="0.007"/>
  <system-out/>
  <testcase classname="jUnitTestingPackage.AnnotationTesting" name="tes1" time="0.015"/>
  <system-out/>
</testsuite> <!-- jUnitTestingPackage.AnnotationTesting -->
